<?xml version="1.0" encoding="UTF-8"?>
<testng-results skipped="0" failed="0" ignored="0" total="2" passed="2">
  <reporter-output>
  </reporter-output>
  <suite name="Default suite" duration-ms="25258" started-at="2021-01-23T01:04:45 GMT" finished-at="2021-01-23T01:05:10 GMT">
    <groups>
    </groups>
    <test name="Default test" duration-ms="25258" started-at="2021-01-23T01:04:45 GMT" finished-at="2021-01-23T01:05:10 GMT">
      <class name="smokeTest.GoogleTest">
        <test-method status="PASS" signature="BeforeTest()[pri:0, instance:smokeTest.GoogleTest@1e6d1014]" name="BeforeTest" is-config="true" duration-ms="4617" started-at="2021-01-23T01:04:45 GMT" finished-at="2021-01-23T01:04:50 GMT">
          <reporter-output>
          </reporter-output>
        </test-method> <!-- BeforeTest -->
        <test-method status="PASS" signature="TestGoogle()[pri:1, instance:smokeTest.GoogleTest@1e6d1014]" name="TestGoogle" duration-ms="16456" started-at="2021-01-23T01:04:50 GMT" finished-at="2021-01-23T01:05:06 GMT">
          <reporter-output>
          </reporter-output>
        </test-method> <!-- TestGoogle -->
        <test-method status="PASS" signature="AfterTest()[pri:0, instance:smokeTest.GoogleTest@1e6d1014]" name="AfterTest" is-config="true" duration-ms="167" started-at="2021-01-23T01:05:06 GMT" finished-at="2021-01-23T01:05:06 GMT">
          <reporter-output>
          </reporter-output>
        </test-method> <!-- AfterTest -->
        <test-method status="PASS" signature="BeforeTest()[pri:0, instance:smokeTest.GoogleTest@1e6d1014]" name="BeforeTest" is-config="true" duration-ms="3813" started-at="2021-01-23T01:05:06 GMT" finished-at="2021-01-23T01:05:10 GMT">
          <reporter-output>
          </reporter-output>
        </test-method> <!-- BeforeTest -->
        <test-method status="PASS" signature="Testhyperlink()[pri:2, instance:smokeTest.GoogleTest@1e6d1014]" name="Testhyperlink" duration-ms="34" started-at="2021-01-23T01:05:10 GMT" finished-at="2021-01-23T01:05:10 GMT">
          <reporter-output>
          </reporter-output>
        </test-method> <!-- Testhyperlink -->
        <test-method status="PASS" signature="AfterTest()[pri:0, instance:smokeTest.GoogleTest@1e6d1014]" name="AfterTest" is-config="true" duration-ms="113" started-at="2021-01-23T01:05:10 GMT" finished-at="2021-01-23T01:05:10 GMT">
          <reporter-output>
          </reporter-output>
        </test-method> <!-- AfterTest -->
      </class> <!-- smokeTest.GoogleTest -->
    </test> <!-- Default test -->
  </suite> <!-- Default suite -->
</testng-results>
